<?xml version="1.0" encoding="UTF-8"?>
<testng-results ignored="0" total="1" passed="1" failed="0" skipped="0">
  <reporter-output>
  </reporter-output>
  <suite started-at="2023-03-12T16:32:49 IST" name="Default suite" finished-at="2023-03-12T16:33:31 IST" duration-ms="41689">
    <groups>
    </groups>
    <test started-at="2023-03-12T16:32:49 IST" name="Default test" finished-at="2023-03-12T16:33:31 IST" duration-ms="41689">
      <class name="TestCases.AppTest">
        <test-method is-config="true" signature="beforetest()[pri:0, instance:TestCases.AppTest@6e9175d8]" started-at="2023-03-12T16:32:49 IST" name="beforetest" finished-at="2023-03-12T16:33:14 IST" duration-ms="25016" status="PASS">
          <reporter-output>
          </reporter-output>
        </test-method> <!-- beforetest -->
        <test-method signature="Run()[pri:0, instance:TestCases.AppTest@6e9175d8]" started-at="2023-03-12T16:33:14 IST" name="Run" finished-at="2023-03-12T16:33:30 IST" duration-ms="15779" status="PASS">
          <reporter-output>
          </reporter-output>
        </test-method> <!-- Run -->
        <test-method is-config="true" signature="Close()[pri:0, instance:TestCases.AppTest@6e9175d8]" started-at="2023-03-12T16:33:30 IST" name="Close" finished-at="2023-03-12T16:33:31 IST" duration-ms="800" status="PASS">
          <reporter-output>
          </reporter-output>
        </test-method> <!-- Close -->
      </class> <!-- TestCases.AppTest -->
    </test> <!-- Default test -->
  </suite> <!-- Default suite -->
</testng-results>
